<fruits>
  <fruit name="Apple" color="Red"/>
  <fruit name="Pear" color="Green"/>
</fruits>
